Defaulting to user installation because normal site-packages is not writeable
Looking in links: /malware
Processing /malware/evasiondemo-9.9.9.tar.gz
  Preparing metadata (setup.py): started
  Preparing metadata (setup.py): still running...
  Preparing metadata (setup.py): still running...
  Preparing metadata (setup.py): still running...
  Preparing metadata (setup.py): still running...
  Preparing metadata (setup.py): finished with status 'done'
Building wheels for collected packages: evasiondemo
  Building wheel for evasiondemo (setup.py): started
  Building wheel for evasiondemo (setup.py): still running...
  Building wheel for evasiondemo (setup.py): still running...
  Building wheel for evasiondemo (setup.py): still running...
  Building wheel for evasiondemo (setup.py): still running...
  Building wheel for evasiondemo (setup.py): still running...
  Building wheel for evasiondemo (setup.py): still running...
  Building wheel for evasiondemo (setup.py): still running...
  Building wheel for evasiondemo (setup.py): still running...
  Building wheel for evasiondemo (setup.py): still running...
  Building wheel for evasiondemo (setup.py): still running...
  Building wheel for evasiondemo (setup.py): still running...
  Building wheel for evasiondemo (setup.py): still running...
  Building wheel for evasiondemo (setup.py): finished with status 'done'
  Created wheel for evasiondemo: filename=evasiondemo-9.9.9-py3-none-any.whl size=1032 sha256=f50503c438392fbe51a3f6d34cff285bb3fe9838905598d03a0489497ddfadc5
  Stored in directory: /home/sandbox_user/.cache/pip/wheels/d7/e0/9f/46fe8864386024f679dfe3509911bea522dcf53e987599ece7
Successfully built evasiondemo
Installing collected packages: evasiondemo
Successfully installed evasiondemo-9.9.9
