Defaulting to user installation because normal site-packages is not writeable
Looking in links: /malware
Processing /malware/shieldaidemo-1.0.0.tar.gz
  Preparing metadata (setup.py): started
  Preparing metadata (setup.py): still running...
  Preparing metadata (setup.py): still running...
  Preparing metadata (setup.py): still running...
  Preparing metadata (setup.py): still running...
  Preparing metadata (setup.py): finished with status 'done'
Building wheels for collected packages: shieldaidemo
  Building wheel for shieldaidemo (setup.py): started
  Building wheel for shieldaidemo (setup.py): still running...
  Building wheel for shieldaidemo (setup.py): still running...
  Building wheel for shieldaidemo (setup.py): still running...
  Building wheel for shieldaidemo (setup.py): still running...
  Building wheel for shieldaidemo (setup.py): still running...
  Building wheel for shieldaidemo (setup.py): still running...
  Building wheel for shieldaidemo (setup.py): still running...
  Building wheel for shieldaidemo (setup.py): still running...
  Building wheel for shieldaidemo (setup.py): still running...
  Building wheel for shieldaidemo (setup.py): still running...
  Building wheel for shieldaidemo (setup.py): still running...
  Building wheel for shieldaidemo (setup.py): still running...
  Building wheel for shieldaidemo (setup.py): still running...
  Building wheel for shieldaidemo (setup.py): finished with status 'done'
  Created wheel for shieldaidemo: filename=shieldaidemo-1.0.0-py3-none-any.whl size=1042 sha256=dfbac8b896286d39898acab6dfd92437523ed66596c61ee36ce02f3c151a2340
  Stored in directory: /home/sandbox_user/.cache/pip/wheels/70/4f/bf/e8d09f6ff7e0a4d3fd1ad8076c51d6918f858f7a65977ceb01
Successfully built shieldaidemo
Installing collected packages: shieldaidemo
Successfully installed shieldaidemo-1.0.0
