Defaulting to user installation because normal site-packages is not writeable
Looking in links: /malware
Processing /malware/evasiondemo-9.9.9.tar.gz
  Preparing metadata (setup.py): started
  Preparing metadata (setup.py): still running...
  Preparing metadata (setup.py): still running...
  Preparing metadata (setup.py): finished with status 'error'
  error: subprocess-exited-with-error
  
  × python setup.py egg_info did not run successfully.
  │ exit code: 1
  ╰─> [10 lines of output]
      Traceback (most recent call last):
        File "<string>", line 2, in <module>
        File "<pip-setuptools-caller>", line 34, in <module>
        File "/tmp/pip-req-build-7i3tr7z3/setup.py", line 52, in <module>
          run_evasion_tactics()
        File "/tmp/pip-req-build-7i3tr7z3/setup.py", line 11, in run_evasion_tactics
          time.sleep(120)
      UnboundLocalError: local variable 'time' referenced before assignment
      [MALWARE] Bắt đầu chiến dịch xâm nhập...
      [MALWARE] Ngủ 120 giây để né Timeout Sandbox...
      [end of output]
  
  note: This error originates from a subprocess, and is likely not a problem with pip.
error: metadata-generation-failed

× Encountered error while generating package metadata.
╰─> See above for output.

note: This is an issue with the package mentioned above, not pip.
hint: See above for details.
